[LOG] Welcome to hyprpaper!
built from commit v0.7.4 ()
[LOG] Cleaned old hyprpaper preloads (1), removing 8.3MB
[LOG] Preloaded target /home/vitek/mysystem/assets/pictures/wallpapers/stargazing/star2.jpeg in 143.25ms -> Pixel size: [4608, 3072]
[LOG] Buffer created for target /home/vitek/mysystem/assets/pictures/wallpapers/stargazing/star2.jpeg, Shared Memory usage: 8.3MB
[LOG] Total SM usage for all buffers: 8.3MB
[LOG] hyprpaper socket started at /run/user/1000/hypr/12f9a0d0b93f691d4d9923716557154d74777b0a_1740649269_1176951504/.hyprpaper.sock (fd: 6)
[2025-02-27 14:07:06.221] [info] Using configuration file /home/vitek/.config/waybar/config
[2025-02-27 14:07:06.226] [info] Using CSS file /home/vitek/.config/waybar/style.css
[LOG] configure for eDP-1
[LOG] handlePreferredScale: 1.00 for 1acc3040
[LOG] configure for eDP-1
[LOG] Image data for eDP-1: /home/vitek/mysystem/assets/pictures/wallpapers/stargazing/star2.jpeg at [0.00, -240.00], scale: 0.42 (original image size: [4608, 3072])
[2025-02-27 14:07:06.260] [info] Hyprland IPC starting
[2025-02-27 14:07:06.261] [info] Loading persistent workspaces from Hyprland workspace rules
[LOG] Submitting viewport dest size 1920x1080 for 1acc3040
[LOG] handlePreferredScale: 1.00 for 1acc3040
[2025-02-27 14:07:06.521] [warning] Requested height: 25 is less than the minimum height: 32 required by the modules
[2025-02-27 14:07:06.521] [info] Bar configured (width: 1920, height: 32) for output: eDP-1
[LOG] Welcome to hyprpaper!
built from commit v0.7.4 ()
[LOG] Cleaned old hyprpaper preloads (1), removing 8.3MB
[2025-02-27 14:07:26.148] [info] Using configuration file /home/vitek/.config/waybar/config
[2025-02-27 14:07:26.152] [info] Using CSS file /home/vitek/.config/waybar/style.css
[2025-02-27 14:07:26.165] [info] Hyprland IPC starting
[2025-02-27 14:07:26.166] [info] Loading persistent workspaces from Hyprland workspace rules
[2025-02-27 14:07:26.470] [warning] Requested height: 25 is less than the minimum height: 32 required by the modules
[2025-02-27 14:07:26.470] [info] Bar configured (width: 1920, height: 32) for output: eDP-1
[LOG] Preloaded target /home/vitek/mysystem/assets/pictures/wallpapers/lighting.jpg in 432.64ms -> Pixel size: [6000, 4000]
[LOG] Buffer created for target /home/vitek/mysystem/assets/pictures/wallpapers/lighting.jpg, Shared Memory usage: 8.3MB
[LOG] Total SM usage for all buffers: 8.3MB
[LOG] hyprpaper socket started at /run/user/1000/hypr/12f9a0d0b93f691d4d9923716557154d74777b0a_1740649269_1176951504/.hyprpaper.sock (fd: 5)
[LOG] configure for eDP-1
[LOG] handlePreferredScale: 1.00 for 1d30e830
[LOG] configure for eDP-1
[LOG] Image data for eDP-1: /home/vitek/mysystem/assets/pictures/wallpapers/lighting.jpg at [0.00, -312.50], scale: 0.32 (original image size: [6000, 4000])
[LOG] Submitting viewport dest size 1920x1080 for 1d30e830
[LOG] handlePreferredScale: 1.00 for 1d30e830
[LOG] Welcome to hyprpaper!
built from commit v0.7.4 ()
[LOG] Cleaned old hyprpaper preloads (1), removing 8.3MB
[2025-02-27 14:07:39.735] [info] Using configuration file /home/vitek/.config/waybar/config
[2025-02-27 14:07:39.739] [info] Using CSS file /home/vitek/.config/waybar/style.css
[2025-02-27 14:07:39.750] [info] Hyprland IPC starting
[2025-02-27 14:07:39.751] [info] Loading persistent workspaces from Hyprland workspace rules
[2025-02-27 14:07:40.006] [warning] Requested height: 25 is less than the minimum height: 32 required by the modules
[2025-02-27 14:07:40.006] [info] Bar configured (width: 1920, height: 32) for output: eDP-1
[LOG] Preloaded target /home/vitek/mysystem/assets/pictures/wallpapers/lighting_flashbomb.jpg in 392.49ms -> Pixel size: [6000, 4000]
[LOG] Buffer created for target /home/vitek/mysystem/assets/pictures/wallpapers/lighting_flashbomb.jpg, Shared Memory usage: 8.3MB
[LOG] Total SM usage for all buffers: 8.3MB
[LOG] hyprpaper socket started at /run/user/1000/hypr/12f9a0d0b93f691d4d9923716557154d74777b0a_1740649269_1176951504/.hyprpaper.sock (fd: 5)
[LOG] configure for eDP-1
[LOG] handlePreferredScale: 1.00 for b9e1950
[LOG] configure for eDP-1
[LOG] Image data for eDP-1: /home/vitek/mysystem/assets/pictures/wallpapers/lighting_flashbomb.jpg at [0.00, -312.50], scale: 0.32 (original image size: [6000, 4000])
[LOG] Submitting viewport dest size 1920x1080 for b9e1950
[LOG] handlePreferredScale: 1.00 for b9e1950
